<?xml version="1.0" encoding="UTF-8"?>
<!-- Generated by org.testng.reporters.JUnitXMLReporter -->
<testsuite ignored="0" hostname="DESKTOP-MNSU8OR" failures="0" tests="4" name="Test" time="0.172" errors="0" timestamp="2025-03-03T10:57:51 IST">
  <testcase classname="Organisation.NewOrganisationTest" name="CreateOrgTest" time="0.023"/>
  <testcase classname="Organisation.NewOrganisationTest" name="modifyOrgTest" time="0.003"/>
  <testcase classname="contact.NewContactTest" name="CreateContactTest" time="0.012"/>
  <testcase classname="contact.NewContactTest" name="modifyContactTest" time="0.004"/>
</testsuite> <!-- Test -->
