<?xml version="1.0" encoding="UTF-8"?>
<testng-results ignored="0" total="4" passed="4" failed="0" skipped="0">
  <reporter-output>
  </reporter-output>
  <suite started-at="2025-03-03T10:57:51 IST" name="Suite" finished-at="2025-03-03T10:57:51 IST" duration-ms="172">
    <groups>
      <group name="SmokeTest">
        <method signature="NewOrganisationTest.CreateOrgTest()[pri:0, instance:Organisation.NewOrganisationTest@4d5d943d]" name="CreateOrgTest" class="Organisation.NewOrganisationTest"/>
        <method signature="NewContactTest.CreateContactTest()[pri:0, instance:contact.NewContactTest@47eaca72]" name="CreateContactTest" class="contact.NewContactTest"/>
      </group> <!-- SmokeTest -->
      <group name="RegressionTest">
        <method signature="NewOrganisationTest.modifyOrgTest()[pri:0, instance:Organisation.NewOrganisationTest@4d5d943d]" name="modifyOrgTest" class="Organisation.NewOrganisationTest"/>
        <method signature="NewContactTest.modifyContactTest()[pri:0, instance:contact.NewContactTest@47eaca72]" name="modifyContactTest" class="contact.NewContactTest"/>
      </group> <!-- RegressionTest -->
    </groups>
    <test started-at="2025-03-03T10:57:51 IST" name="Test" finished-at="2025-03-03T10:57:51 IST" duration-ms="172">
      <class name="Organisation.NewOrganisationTest">
        <test-method signature="CreateOrgTest()[pri:0, instance:Organisation.NewOrganisationTest@4d5d943d]" started-at="2025-03-03T10:57:51 IST" name="CreateOrgTest" finished-at="2025-03-03T10:57:51 IST" duration-ms="23" status="PASS">
          <reporter-output>
          </reporter-output>
        </test-method> <!-- CreateOrgTest -->
        <test-method signature="modifyOrgTest()[pri:0, instance:Organisation.NewOrganisationTest@4d5d943d]" started-at="2025-03-03T10:57:51 IST" name="modifyOrgTest" finished-at="2025-03-03T10:57:51 IST" duration-ms="3" status="PASS">
          <reporter-output>
          </reporter-output>
        </test-method> <!-- modifyOrgTest -->
      </class> <!-- Organisation.NewOrganisationTest -->
      <class name="contact.NewContactTest">
        <test-method signature="CreateContactTest()[pri:0, instance:contact.NewContactTest@47eaca72]" started-at="2025-03-03T10:57:51 IST" name="CreateContactTest" finished-at="2025-03-03T10:57:51 IST" duration-ms="12" status="PASS">
          <reporter-output>
          </reporter-output>
        </test-method> <!-- CreateContactTest -->
        <test-method signature="modifyContactTest()[pri:0, instance:contact.NewContactTest@47eaca72]" started-at="2025-03-03T10:57:51 IST" name="modifyContactTest" finished-at="2025-03-03T10:57:51 IST" duration-ms="4" status="PASS">
          <reporter-output>
          </reporter-output>
        </test-method> <!-- modifyContactTest -->
      </class> <!-- contact.NewContactTest -->
    </test> <!-- Test -->
  </suite> <!-- Suite -->
</testng-results>
